<?xml version="1.0" encoding="UTF-8"?>
<!-- Generated by org.testng.reporters.JUnitReportReporter -->
<testsuite skipped="0" hostname="ED-G-DELL5591" name="pkgSeleniumCoursePart6.FilesFromTabresh.TestNG" tests="4" failures="0" timestamp="14 Jul 2019 12:26:28 GMT" time="3.848" errors="0">
  <testcase name="OpenAUT" time="0.789" classname="pkgSeleniumCoursePart6.FilesFromTabresh.TestNG"/>
  <testcase name="Login" time="2.218" classname="pkgSeleniumCoursePart6.FilesFromTabresh.TestNG"/>
  <testcase name="Logout" time="0.669" classname="pkgSeleniumCoursePart6.FilesFromTabresh.TestNG"/>
  <testcase name="CloseBrowser" time="0.172" classname="pkgSeleniumCoursePart6.FilesFromTabresh.TestNG"/>
</testsuite> <!-- pkgSeleniumCoursePart6.FilesFromTabresh.TestNG -->
