<?xml version="1.0" encoding="UTF-8"?>
<!-- Generated by org.testng.reporters.JUnitReportReporter -->
<testsuite skipped="0" hostname="ED-G-DELL5591" name="pkgSeleniumCoursePart9.CaseStudyPart9.CaseStudy9WithNG" tests="3" failures="0" timestamp="22 Jul 2019 02:33:32 GMT" time="13.005" errors="0">
  <testcase name="Login" time="5.132" classname="pkgSeleniumCoursePart9.CaseStudyPart9.CaseStudy9WithNG"/>
  <testcase name="NavigateToBlogs" time="3.804" classname="pkgSeleniumCoursePart9.CaseStudyPart9.CaseStudy9WithNG"/>
  <testcase name="FilterAndClickBlog" time="4.069" classname="pkgSeleniumCoursePart9.CaseStudyPart9.CaseStudy9WithNG"/>
</testsuite> <!-- pkgSeleniumCoursePart9.CaseStudyPart9.CaseStudy9WithNG -->
