<?xml version="1.0" encoding="UTF-8"?>
<!-- Generated by org.testng.reporters.JUnitReportReporter -->
<testsuite skipped="0" hostname="ED-G-DELL5591" name="pkgSeleniumCoursePart9.FilesFromTabresh.DDT" tests="10" failures="0" timestamp="13 Jul 2019 16:33:30 GMT" time="8.079" errors="0">
  <testcase name="FormFill" time="1.081" classname="pkgSeleniumCoursePart9.FilesFromTabresh.DDT"/>
  <testcase name="FormFill" time="0.764" classname="pkgSeleniumCoursePart9.FilesFromTabresh.DDT"/>
  <testcase name="FormFill" time="0.771" classname="pkgSeleniumCoursePart9.FilesFromTabresh.DDT"/>
  <testcase name="FormFill" time="0.749" classname="pkgSeleniumCoursePart9.FilesFromTabresh.DDT"/>
  <testcase name="FormFill" time="0.783" classname="pkgSeleniumCoursePart9.FilesFromTabresh.DDT"/>
  <testcase name="FormFill" time="0.830" classname="pkgSeleniumCoursePart9.FilesFromTabresh.DDT"/>
  <testcase name="FormFill" time="0.765" classname="pkgSeleniumCoursePart9.FilesFromTabresh.DDT"/>
  <testcase name="FormFill" time="0.766" classname="pkgSeleniumCoursePart9.FilesFromTabresh.DDT"/>
  <testcase name="FormFill" time="0.764" classname="pkgSeleniumCoursePart9.FilesFromTabresh.DDT"/>
  <testcase name="FormFill" time="0.806" classname="pkgSeleniumCoursePart9.FilesFromTabresh.DDT"/>
</testsuite> <!-- pkgSeleniumCoursePart9.FilesFromTabresh.DDT -->
