<?xml version="1.0" encoding="UTF-8"?>
<!-- Generated by org.testng.reporters.JUnitReportReporter -->
<testsuite skipped="1" hostname="ED-G-DELL5591" name="pkgSeleniumCoursePart6.CaseStudyPart6.CaseStudy6" tests="6" failures="0" timestamp="19 Jul 2019 22:27:16 GMT" time="16.124" errors="0">
  <testcase name="OpenAUT" time="0.882" classname="pkgSeleniumCoursePart6.CaseStudyPart6.CaseStudy6"/>
  <testcase name="Login" time="1.821" classname="pkgSeleniumCoursePart6.CaseStudyPart6.CaseStudy6"/>
  <testcase name="Logout" time="0.552" classname="pkgSeleniumCoursePart6.CaseStudyPart6.CaseStudy6"/>
  <testcase name="RegistrationAttemptSameEmailExpectFailure" time="12.811" classname="pkgSeleniumCoursePart6.CaseStudyPart6.CaseStudy6"/>
  <testcase name="CloseBrowser" time="0.058" classname="pkgSeleniumCoursePart6.CaseStudyPart6.CaseStudy6"/>
  <testcase name="SupportLink" classname="pkgSeleniumCoursePart6.CaseStudyPart6.CaseStudy6">
    <skipped/>
  </testcase> <!-- SupportLink -->
</testsuite> <!-- pkgSeleniumCoursePart6.CaseStudyPart6.CaseStudy6 -->
