<?xml version="1.0" encoding="UTF-8"?>
<!-- Generated by org.testng.reporters.JUnitReportReporter -->
<testsuite skipped="0" hostname="ED-G-DELL5591" name="pkgSeleniumCoursePart9.FilesFromTabresh.DDT" tests="10" failures="0" timestamp="20 Jul 2019 01:44:49 GMT" time="7.603" errors="0">
  <testcase name="FormFill" time="0.742" classname="pkgSeleniumCoursePart9.FilesFromTabresh.DDT"/>
  <testcase name="FormFill" time="0.767" classname="pkgSeleniumCoursePart9.FilesFromTabresh.DDT"/>
  <testcase name="FormFill" time="0.763" classname="pkgSeleniumCoursePart9.FilesFromTabresh.DDT"/>
  <testcase name="FormFill" time="0.740" classname="pkgSeleniumCoursePart9.FilesFromTabresh.DDT"/>
  <testcase name="FormFill" time="0.750" classname="pkgSeleniumCoursePart9.FilesFromTabresh.DDT"/>
  <testcase name="FormFill" time="0.733" classname="pkgSeleniumCoursePart9.FilesFromTabresh.DDT"/>
  <testcase name="FormFill" time="0.740" classname="pkgSeleniumCoursePart9.FilesFromTabresh.DDT"/>
  <testcase name="FormFill" time="0.770" classname="pkgSeleniumCoursePart9.FilesFromTabresh.DDT"/>
  <testcase name="FormFill" time="0.744" classname="pkgSeleniumCoursePart9.FilesFromTabresh.DDT"/>
  <testcase name="FormFill" time="0.854" classname="pkgSeleniumCoursePart9.FilesFromTabresh.DDT"/>
</testsuite> <!-- pkgSeleniumCoursePart9.FilesFromTabresh.DDT -->
