<?xml version="1.0" encoding="UTF-8"?>
<!-- Generated by org.testng.reporters.JUnitReportReporter -->
<testsuite skipped="1" hostname="ED-G-DELL5591" name="pkgSeleniumCoursePart6.CaseStudyPart6.CaseStudy6" tests="6" failures="0" timestamp="14 Jul 2019 20:13:51 GMT" time="16.253" errors="0">
  <testcase name="OpenAUT" time="0.777" classname="pkgSeleniumCoursePart6.CaseStudyPart6.CaseStudy6"/>
  <testcase name="Login" time="1.887" classname="pkgSeleniumCoursePart6.CaseStudyPart6.CaseStudy6"/>
  <testcase name="Logout" time="0.611" classname="pkgSeleniumCoursePart6.CaseStudyPart6.CaseStudy6"/>
  <testcase name="RegistrationAttemptSameEmailExpectFailure" time="12.843" classname="pkgSeleniumCoursePart6.CaseStudyPart6.CaseStudy6"/>
  <testcase name="CloseBrowser" time="0.135" classname="pkgSeleniumCoursePart6.CaseStudyPart6.CaseStudy6"/>
  <testcase name="SupportLink" classname="pkgSeleniumCoursePart6.CaseStudyPart6.CaseStudy6">
    <skipped/>
  </testcase> <!-- SupportLink -->
</testsuite> <!-- pkgSeleniumCoursePart6.CaseStudyPart6.CaseStudy6 -->
