<?xml version="1.0" encoding="UTF-8"?>
<!-- Generated by org.testng.reporters.JUnitReportReporter -->
<testsuite skipped="0" hostname="ED-G-DELL5591" name="pkgSeleniumCoursePart9.CaseStudyPart9.CaseStudy9WithTestNG" tests="3" failures="0" timestamp="22 Jul 2019 02:38:21 GMT" time="12.251" errors="0">
  <testcase name="Login" time="5.174" classname="pkgSeleniumCoursePart9.CaseStudyPart9.CaseStudy9WithTestNG"/>
  <testcase name="NavigateToBlogs" time="3.102" classname="pkgSeleniumCoursePart9.CaseStudyPart9.CaseStudy9WithTestNG"/>
  <testcase name="FilterAndClickBlog" time="3.975" classname="pkgSeleniumCoursePart9.CaseStudyPart9.CaseStudy9WithTestNG"/>
</testsuite> <!-- pkgSeleniumCoursePart9.CaseStudyPart9.CaseStudy9WithTestNG -->
